#! /usr/bin/vvp
:ivl_version "12.0 (stable)";
:ivl_delay_selection "TYPICAL";
:vpi_time_precision - 12;
:vpi_module "/usr/lib/x86_64-linux-gnu/ivl/system.vpi";
:vpi_module "/usr/lib/x86_64-linux-gnu/ivl/vhdl_sys.vpi";
:vpi_module "/usr/lib/x86_64-linux-gnu/ivl/vhdl_textio.vpi";
:vpi_module "/usr/lib/x86_64-linux-gnu/ivl/v2005_math.vpi";
:vpi_module "/usr/lib/x86_64-linux-gnu/ivl/va_math.vpi";
S_0x605c11780cb0 .scope module, "tb_dff_syncres" "tb_dff_syncres" 2 3;
 .timescale -9 -12;
v0x605c11792ea0_0 .var "clk", 0 0;
v0x605c11792f60_0 .var "d", 0 0;
v0x605c11793030_0 .net "q", 0 0, v0x605c11792c30_0;  1 drivers
v0x605c11793130_0 .var "sync_reset", 0 0;
S_0x605c11780e40 .scope module, "uut" "dff_syncres" 2 10, 3 2 0, S_0x605c11780cb0;
 .timescale 0 0;
    .port_info 0 /INPUT 1 "clk";
    .port_info 1 /INPUT 1 "async_reset";
    .port_info 2 /INPUT 1 "sync_reset";
    .port_info 3 /INPUT 1 "d";
    .port_info 4 /OUTPUT 1 "q";
o0x7e0d92ee9018 .functor BUFZ 1, C4<z>; HiZ drive
v0x605c11781040_0 .net "async_reset", 0 0, o0x7e0d92ee9018;  0 drivers
v0x605c11792aa0_0 .net "clk", 0 0, v0x605c11792ea0_0;  1 drivers
v0x605c11792b60_0 .net "d", 0 0, v0x605c11792f60_0;  1 drivers
v0x605c11792c30_0 .var "q", 0 0;
v0x605c11792cf0_0 .net "sync_reset", 0 0, v0x605c11793130_0;  1 drivers
E_0x605c11747ff0 .event posedge, v0x605c11792aa0_0;
    .scope S_0x605c11780e40;
T_0 ;
    %wait E_0x605c11747ff0;
    %load/vec4 v0x605c11792cf0_0;
    %flag_set/vec4 8;
    %jmp/0xz  T_0.0, 8;
    %pushi/vec4 0, 0, 1;
    %assign/vec4 v0x605c11792c30_0, 0;
    %jmp T_0.1;
T_0.0 ;
    %load/vec4 v0x605c11792b60_0;
    %assign/vec4 v0x605c11792c30_0, 0;
T_0.1 ;
    %jmp T_0;
    .thread T_0;
    .scope S_0x605c11780cb0;
T_1 ;
    %vpi_call 2 18 "$dumpfile", "tb_dff_syncres.vcd" {0 0 0};
    %vpi_call 2 19 "$dumpvars", 32'sb00000000000000000000000000000000, S_0x605c11780cb0 {0 0 0};
    %pushi/vec4 0, 0, 1;
    %store/vec4 v0x605c11792ea0_0, 0, 1;
    %pushi/vec4 0, 0, 1;
    %store/vec4 v0x605c11793130_0, 0, 1;
    %pushi/vec4 0, 0, 1;
    %store/vec4 v0x605c11792f60_0, 0, 1;
    %delay 3000000, 0;
    %vpi_call 2 24 "$finish" {0 0 0};
    %end;
    .thread T_1;
    .scope S_0x605c11780cb0;
T_2 ;
    %delay 10000, 0;
    %load/vec4 v0x605c11792ea0_0;
    %inv;
    %store/vec4 v0x605c11792ea0_0, 0, 1;
    %jmp T_2;
    .thread T_2;
    .scope S_0x605c11780cb0;
T_3 ;
    %delay 23000, 0;
    %load/vec4 v0x605c11792f60_0;
    %inv;
    %store/vec4 v0x605c11792f60_0, 0, 1;
    %jmp T_3;
    .thread T_3;
    .scope S_0x605c11780cb0;
T_4 ;
    %delay 113000, 0;
    %load/vec4 v0x605c11793130_0;
    %inv;
    %store/vec4 v0x605c11793130_0, 0, 1;
    %jmp T_4;
    .thread T_4;
# The file index is used to find the file name in the following table.
:file_names 4;
    "N/A";
    "<interactive>";
    "tb_dff_syncres.v";
    "dff_syncres.v";
